[2025-04-17T19:48:23.654Z] [SUCCESS] Conexﾃ｣o com o banco de dados estabelecida
[2025-04-17T19:48:23.655Z] [SUCCESS] Banco de dados inicializado com sucesso
[2025-04-17T19:48:30.594Z] [SUCCESS] Bot estﾃ｡ online como Doutor Lobotomia#9106!
[2025-04-17T19:48:30.595Z] [INFO] Conectado em 1 servidores
[2025-04-17T19:48:30.596Z] [INFO] Permissﾃｵes no servidor 洫Lobotomia Reversﾃｭvel:
Error details: CreateInstantInvite,AddReactions,Stream,ViewChannel,SendMessages,SendTTSMessages,EmbedLinks,AttachFiles,ReadMessageHistory,MentionEveryone,UseExternalEmojis,Connect,Speak,UseVAD,ChangeNickname,UseApplicationCommands,RequestToSpeak,CreatePublicThreads,CreatePrivateThreads,UseExternalStickers,SendMessagesInThreads,UseEmbeddedActivities,UseSoundboard,UseExternalSounds,SendVoiceMessages,SendPolls,UseExternalApps
[2025-04-17T19:50:39.732Z] [SUCCESS] Banco de dados inicializado com sucesso
[2025-04-17T19:50:39.733Z] [SUCCESS] Conexﾃ｣o com o banco de dados estabelecida
[2025-04-17T19:50:40.124Z] [SUCCESS] Bot estﾃ｡ online como Doutor Lobotomia#9106!
[2025-04-17T19:50:40.125Z] [INFO] Conectado em 1 servidores
[2025-04-17T19:50:40.126Z] [INFO] Permissﾃｵes no servidor 洫Lobotomia Reversﾃｭvel:
Error details: CreateInstantInvite,AddReactions,Stream,ViewChannel,SendMessages,SendTTSMessages,EmbedLinks,AttachFiles,ReadMessageHistory,MentionEveryone,UseExternalEmojis,Connect,Speak,UseVAD,ChangeNickname,UseApplicationCommands,RequestToSpeak,CreatePublicThreads,CreatePrivateThreads,UseExternalStickers,SendMessagesInThreads,UseEmbeddedActivities,UseSoundboard,UseExternalSounds,SendVoiceMessages,SendPolls,UseExternalApps
[2025-04-17T19:51:41.272Z] [SUCCESS] Banco de dados inicializado com sucesso
[2025-04-17T19:51:41.273Z] [SUCCESS] Conexﾃ｣o com o banco de dados estabelecida
[2025-04-17T19:51:41.701Z] [SUCCESS] Bot estﾃ｡ online como Doutor Lobotomia#9106!
[2025-04-17T19:51:41.701Z] [INFO] Conectado em 1 servidores
[2025-04-17T19:51:41.702Z] [INFO] Permissﾃｵes no servidor 洫Lobotomia Reversﾃｭvel:
Error details: CreateInstantInvite,AddReactions,Stream,ViewChannel,SendMessages,SendTTSMessages,EmbedLinks,AttachFiles,ReadMessageHistory,MentionEveryone,UseExternalEmojis,Connect,Speak,UseVAD,ChangeNickname,UseApplicationCommands,RequestToSpeak,CreatePublicThreads,CreatePrivateThreads,UseExternalStickers,SendMessagesInThreads,UseEmbeddedActivities,UseSoundboard,UseExternalSounds,SendVoiceMessages,SendPolls,UseExternalApps
[2025-04-17T19:52:25.551Z] [INFO] Comando "!ranking" executado por felpson no canal #笏汳ｬ繝ｻCall
[2025-04-17T19:52:34.543Z] [INFO] Comando "!ola" executado por felpson no canal #笏汳ｬ繝ｻCall
[2025-04-17T20:01:34.832Z] [INFO] Iniciando registro dos comandos slash...
[2025-04-17T20:01:34.855Z] [SUCCESS] Banco de dados inicializado com sucesso
[2025-04-17T20:01:34.855Z] [SUCCESS] Conexﾃ｣o com o banco de dados estabelecida
[2025-04-17T20:01:35.126Z] [SUCCESS] Comandos slash registrados com sucesso!
[2025-04-17T20:01:35.281Z] [SUCCESS] Bot estﾃ｡ online como Doutor Lobotomia#9106!
[2025-04-17T20:01:35.281Z] [INFO] Conectado em 1 servidores
[2025-04-17T20:01:35.282Z] [INFO] Permissﾃｵes no servidor 洫Lobotomia Reversﾃｭvel:
Error details: CreateInstantInvite,AddReactions,Stream,ViewChannel,SendMessages,SendTTSMessages,EmbedLinks,AttachFiles,ReadMessageHistory,MentionEveryone,UseExternalEmojis,Connect,Speak,UseVAD,ChangeNickname,UseApplicationCommands,RequestToSpeak,CreatePublicThreads,CreatePrivateThreads,UseExternalStickers,SendMessagesInThreads,UseEmbeddedActivities,UseSoundboard,UseExternalSounds,SendVoiceMessages,SendPolls,UseExternalApps
[2025-04-17T20:11:41.313Z] [INFO] Iniciando registro dos comandos slash...
[2025-04-17T20:11:41.357Z] [SUCCESS] Banco de dados inicializado com sucesso
[2025-04-17T20:11:41.359Z] [SUCCESS] Conexﾃ｣o com o banco de dados estabelecida
[2025-04-17T20:11:41.629Z] [SUCCESS] Comandos slash registrados com sucesso!
[2025-04-17T20:11:41.778Z] [SUCCESS] Bot estﾃ｡ online como Doutor Lobotomia#9106!
[2025-04-17T20:11:41.778Z] [INFO] Conectado em 1 servidores
[2025-04-17T20:11:41.779Z] [INFO] Permissﾃｵes no servidor 洫Lobotomia Reversﾃｭvel:
Error details: CreateInstantInvite,Administrator,AddReactions,Stream,ViewChannel,SendMessages,SendTTSMessages,EmbedLinks,AttachFiles,ReadMessageHistory,MentionEveryone,UseExternalEmojis,Connect,Speak,UseVAD,ChangeNickname,UseApplicationCommands,RequestToSpeak,CreatePublicThreads,CreatePrivateThreads,UseExternalStickers,SendMessagesInThreads,UseEmbeddedActivities,UseSoundboard,UseExternalSounds,SendVoiceMessages,SendPolls,UseExternalApps
[2025-04-17T20:19:39.829Z] [INFO] Iniciando registro dos comandos slash...
[2025-04-17T20:19:39.853Z] [SUCCESS] Banco de dados inicializado com sucesso
[2025-04-17T20:19:39.853Z] [SUCCESS] Conexﾃ｣o com o banco de dados estabelecida
[2025-04-17T20:19:40.114Z] [SUCCESS] Comandos slash registrados com sucesso!
[2025-04-17T20:19:40.340Z] [SUCCESS] Bot estﾃ｡ online como Doutor Lobotomia#9106!
[2025-04-17T20:19:40.340Z] [INFO] Conectado em 1 servidores
[2025-04-17T20:19:40.341Z] [INFO] Permissﾃｵes no servidor 洫Lobotomia Reversﾃｭvel:
Error details: CreateInstantInvite,Administrator,AddReactions,Stream,ViewChannel,SendMessages,SendTTSMessages,EmbedLinks,AttachFiles,ReadMessageHistory,MentionEveryone,UseExternalEmojis,Connect,Speak,UseVAD,ChangeNickname,UseApplicationCommands,RequestToSpeak,CreatePublicThreads,CreatePrivateThreads,UseExternalStickers,SendMessagesInThreads,UseEmbeddedActivities,UseSoundboard,UseExternalSounds,SendVoiceMessages,SendPolls,UseExternalApps
[2025-04-17T20:20:00.774Z] [INFO] Iniciando registro dos comandos slash...
[2025-04-17T20:20:00.824Z] [SUCCESS] Conexﾃ｣o com o banco de dados estabelecida
[2025-04-17T20:20:00.825Z] [SUCCESS] Banco de dados inicializado com sucesso
[2025-04-17T20:20:01.217Z] [SUCCESS] Bot estﾃ｡ online como Doutor Lobotomia#9106!
[2025-04-17T20:20:01.217Z] [INFO] Conectado em 1 servidores
[2025-04-17T20:20:01.218Z] [INFO] Permissﾃｵes no servidor 洫Lobotomia Reversﾃｭvel:
Error details: CreateInstantInvite,Administrator,AddReactions,Stream,ViewChannel,SendMessages,SendTTSMessages,EmbedLinks,AttachFiles,ReadMessageHistory,MentionEveryone,UseExternalEmojis,Connect,Speak,UseVAD,ChangeNickname,UseApplicationCommands,RequestToSpeak,CreatePublicThreads,CreatePrivateThreads,UseExternalStickers,SendMessagesInThreads,UseEmbeddedActivities,UseSoundboard,UseExternalSounds,SendVoiceMessages,SendPolls,UseExternalApps
[2025-04-17T20:20:01.257Z] [SUCCESS] Comandos slash registrados com sucesso!
[2025-04-17T20:22:09.534Z] [INFO] Comando "/ranking" executado por gaper no canal #笏汳ｬ繝ｻCall
[2025-04-17T20:22:18.254Z] [INFO] Comando "/ranking" executado por gaper no canal #笏汳ｬ繝ｻCall
[2025-04-17T20:28:46.162Z] [INFO] Comando "/ranking" executado por gaper no canal #笏汳ｬ繝ｻCall
[2025-04-17T20:40:55.318Z] [INFO] Comando "/ranking" executado por felpson no canal #笏汳ｬ繝ｻCall
[2025-04-17T20:42:05.602Z] [INFO] Comando "/ranking" executado por hydroks no canal #笏汳ｬ繝ｻCall
[2025-04-17T20:42:19.748Z] [INFO] Comando "/ranking" executado por hydroks no canal #笏汳ｬ繝ｻCall
[2025-04-17T20:49:06.328Z] [INFO] Comando "/ranking" executado por felpson no canal #笏汳ｬ繝ｻCall
[2025-04-17T20:50:21.669Z] [INFO] Iniciando registro dos comandos slash...
[2025-04-17T20:50:21.726Z] [SUCCESS] Banco de dados inicializado com sucesso
[2025-04-17T20:50:21.729Z] [SUCCESS] Conexﾃ｣o com o banco de dados estabelecida
[2025-04-17T20:50:22.129Z] [SUCCESS] Comandos slash registrados com sucesso!
[2025-04-17T20:50:22.251Z] [SUCCESS] Bot estﾃ｡ online como Doutor Lobotomia#9106!
[2025-04-17T20:50:22.253Z] [INFO] Conectado em 1 servidores
[2025-04-17T20:50:22.254Z] [INFO] Permissﾃｵes no servidor 洫Lobotomia Reversﾃｭvel:
Error details: CreateInstantInvite,Administrator,AddReactions,Stream,ViewChannel,SendMessages,SendTTSMessages,EmbedLinks,AttachFiles,ReadMessageHistory,MentionEveryone,UseExternalEmojis,Connect,Speak,UseVAD,ChangeNickname,UseApplicationCommands,RequestToSpeak,CreatePublicThreads,CreatePrivateThreads,UseExternalStickers,SendMessagesInThreads,UseEmbeddedActivities,UseSoundboard,UseExternalSounds,SendVoiceMessages,SendPolls,UseExternalApps
[2025-04-17T20:51:35.283Z] [INFO] Iniciando registro dos comandos slash...
[2025-04-17T20:51:35.330Z] [SUCCESS] Banco de dados inicializado com sucesso
[2025-04-17T20:51:35.330Z] [SUCCESS] Conexﾃ｣o com o banco de dados estabelecida
[2025-04-17T20:51:35.528Z] [SUCCESS] Comandos slash registrados com sucesso!
[2025-04-17T20:51:35.708Z] [SUCCESS] Bot estﾃ｡ online como Doutor Lobotomia#9106!
[2025-04-17T20:51:35.708Z] [INFO] Conectado em 1 servidores
[2025-04-17T20:51:35.709Z] [INFO] Permissﾃｵes no servidor 洫Lobotomia Reversﾃｭvel:
Error details: CreateInstantInvite,Administrator,AddReactions,Stream,ViewChannel,SendMessages,SendTTSMessages,EmbedLinks,AttachFiles,ReadMessageHistory,MentionEveryone,UseExternalEmojis,Connect,Speak,UseVAD,ChangeNickname,UseApplicationCommands,RequestToSpeak,CreatePublicThreads,CreatePrivateThreads,UseExternalStickers,SendMessagesInThreads,UseEmbeddedActivities,UseSoundboard,UseExternalSounds,SendVoiceMessages,SendPolls,UseExternalApps
[2025-04-17T21:03:02.839Z] [INFO] Iniciando registro dos comandos slash...
[2025-04-17T21:03:02.871Z] [SUCCESS] Conexﾃ｣o com o banco de dados estabelecida
[2025-04-17T21:03:02.872Z] [SUCCESS] Banco de dados inicializado com sucesso
[2025-04-17T21:03:03.200Z] [SUCCESS] Comandos slash registrados com sucesso!
[2025-04-17T21:03:03.359Z] [SUCCESS] Bot estﾃ｡ online como Doutor Lobotomia#9106!
[2025-04-17T21:03:03.359Z] [INFO] Conectado em 1 servidores
[2025-04-17T21:03:03.360Z] [INFO] Permissﾃｵes no servidor 洫Lobotomia Reversﾃｭvel:
Error details: CreateInstantInvite,Administrator,AddReactions,Stream,ViewChannel,SendMessages,SendTTSMessages,EmbedLinks,AttachFiles,ReadMessageHistory,MentionEveryone,UseExternalEmojis,Connect,Speak,UseVAD,ChangeNickname,UseApplicationCommands,RequestToSpeak,CreatePublicThreads,CreatePrivateThreads,UseExternalStickers,SendMessagesInThreads,UseEmbeddedActivities,UseSoundboard,UseExternalSounds,SendVoiceMessages,SendPolls,UseExternalApps
[2025-04-17T21:04:10.532Z] [INFO] Comando "/piada" executado por gaper no canal #笏汳ｬ繝ｻCall
[2025-04-17T21:04:53.244Z] [INFO] Comando "/ranking" executado por hydroks no canal #笏汳ｬ繝ｻCall 2
[2025-04-17T21:05:08.912Z] [INFO] Comando "/piada" executado por gaper no canal #笏汳ｬ繝ｻCall
[2025-04-17T21:05:35.848Z] [INFO] Comando "/ranking" executado por gaper no canal #笏汳ｬ繝ｻCall
[2025-04-17T21:48:11.513Z] [INFO] Comando "/piada" executado por gaper no canal #笏汳ｬ繝ｻCall
[2025-04-17T21:48:16.378Z] [INFO] Comando "/piada" executado por gaper no canal #笏汳ｬ繝ｻCall
[2025-04-17T21:48:19.203Z] [INFO] Comando "/piada" executado por gaper no canal #笏汳ｬ繝ｻCall
[2025-04-17T21:48:26.527Z] [INFO] Comando "/piada" executado por gaper no canal #笏汳ｬ繝ｻCall
[2025-04-17T21:48:32.017Z] [INFO] Comando "/piada" executado por gaper no canal #笏汳ｬ繝ｻCall
[2025-04-17T21:50:50.393Z] [INFO] Iniciando registro dos comandos slash...
[2025-04-17T21:50:50.460Z] [SUCCESS] Banco de dados inicializado com sucesso
[2025-04-17T21:50:50.461Z] [SUCCESS] Conexﾃ｣o com o banco de dados estabelecida
[2025-04-17T21:50:50.738Z] [SUCCESS] Comandos slash registrados com sucesso!
[2025-04-17T21:50:50.857Z] [SUCCESS] Bot estﾃ｡ online como Doutor Lobotomia#9106!
[2025-04-17T21:50:50.857Z] [INFO] Conectado em 1 servidores
[2025-04-17T21:50:50.858Z] [INFO] Permissﾃｵes no servidor 洫Lobotomia Reversﾃｭvel:
Error details: CreateInstantInvite,Administrator,AddReactions,Stream,ViewChannel,SendMessages,SendTTSMessages,EmbedLinks,AttachFiles,ReadMessageHistory,MentionEveryone,UseExternalEmojis,Connect,Speak,UseVAD,ChangeNickname,UseApplicationCommands,RequestToSpeak,CreatePublicThreads,CreatePrivateThreads,UseExternalStickers,SendMessagesInThreads,UseEmbeddedActivities,UseSoundboard,UseExternalSounds,SendVoiceMessages,SendPolls,UseExternalApps
[2025-04-17T21:51:21.236Z] [INFO] Comando "/piada" executado por gaper no canal #汨ｾ笏ツmdﾂｹ
[2025-04-17T21:51:28.307Z] [INFO] Comando "/piada" executado por gaper no canal #汨ｾ笏ツmdﾂｹ
[2025-04-17T22:19:13.788Z] [INFO] Iniciando registro dos comandos slash...
[2025-04-17T22:19:13.839Z] [SUCCESS] Banco de dados inicializado com sucesso
[2025-04-17T22:19:13.839Z] [SUCCESS] Conexﾃ｣o com o banco de dados estabelecida
[2025-04-17T22:19:14.037Z] [SUCCESS] Comandos slash registrados com sucesso!
[2025-04-17T22:19:15.422Z] [SUCCESS] Bot estﾃ｡ online como Doutor Lobotomia#9106!
[2025-04-17T22:19:15.422Z] [INFO] Conectado em 1 servidores
[2025-04-17T22:19:15.423Z] [INFO] Permissﾃｵes no servidor 洫Lobotomia Reversﾃｭvel:
Error details: CreateInstantInvite,Administrator,AddReactions,Stream,ViewChannel,SendMessages,SendTTSMessages,EmbedLinks,AttachFiles,ReadMessageHistory,MentionEveryone,UseExternalEmojis,Connect,Speak,UseVAD,ChangeNickname,UseApplicationCommands,RequestToSpeak,CreatePublicThreads,CreatePrivateThreads,UseExternalStickers,SendMessagesInThreads,UseEmbeddedActivities,UseSoundboard,UseExternalSounds,SendVoiceMessages,SendPolls,UseExternalApps
[2025-04-17T22:19:19.343Z] [INFO] Comando "/piada" executado por gaper no canal #汨ｾ笏ツmdﾂｹ
[2025-04-17T22:19:24.417Z] [INFO] Comando "/piada" executado por gaper no canal #汨ｾ笏ツmdﾂｹ
[2025-04-17T22:22:03.142Z] [INFO] Iniciando registro dos comandos slash...
[2025-04-17T22:22:03.209Z] [SUCCESS] Banco de dados inicializado com sucesso
[2025-04-17T22:22:03.210Z] [SUCCESS] Conexﾃ｣o com o banco de dados estabelecida
[2025-04-17T22:22:03.460Z] [SUCCESS] Comandos slash registrados com sucesso!
[2025-04-17T22:22:03.574Z] [SUCCESS] Bot estﾃ｡ online como Doutor Lobotomia#9106!
[2025-04-17T22:22:03.575Z] [INFO] Conectado em 1 servidores
[2025-04-17T22:22:03.575Z] [INFO] Permissﾃｵes no servidor 洫Lobotomia Reversﾃｭvel:
Error details: CreateInstantInvite,Administrator,AddReactions,Stream,ViewChannel,SendMessages,SendTTSMessages,EmbedLinks,AttachFiles,ReadMessageHistory,MentionEveryone,UseExternalEmojis,Connect,Speak,UseVAD,ChangeNickname,UseApplicationCommands,RequestToSpeak,CreatePublicThreads,CreatePrivateThreads,UseExternalStickers,SendMessagesInThreads,UseEmbeddedActivities,UseSoundboard,UseExternalSounds,SendVoiceMessages,SendPolls,UseExternalApps
[2025-04-17T22:22:21.510Z] [INFO] Comando "/piada" executado por gaper no canal #汨ｾ笏ツmdﾂｹ
[2025-04-17T22:22:24.784Z] [INFO] Comando "/piada" executado por gaper no canal #汨ｾ笏ツmdﾂｹ
[2025-04-17T22:22:27.211Z] [INFO] Comando "/piada" executado por gaper no canal #汨ｾ笏ツmdﾂｹ
[2025-04-17T22:22:29.336Z] [INFO] Comando "/piada" executado por gaper no canal #汨ｾ笏ツmdﾂｹ
[2025-04-17T22:22:31.216Z] [INFO] Comando "/piada" executado por gaper no canal #汨ｾ笏ツmdﾂｹ
[2025-04-17T22:22:34.019Z] [INFO] Comando "/piada" executado por gaper no canal #汨ｾ笏ツmdﾂｹ
[2025-04-17T22:22:35.490Z] [INFO] Comando "/piada" executado por gaper no canal #汨ｾ笏ツmdﾂｹ
[2025-04-17T22:22:37.932Z] [INFO] Comando "/piada" executado por gaper no canal #汨ｾ笏ツmdﾂｹ
[2025-04-17T22:29:21.526Z] [INFO] Iniciando registro dos comandos slash...
[2025-04-17T22:29:21.562Z] [SUCCESS] Banco de dados inicializado com sucesso
[2025-04-17T22:29:21.562Z] [SUCCESS] Conexﾃ｣o com o banco de dados estabelecida
[2025-04-17T22:29:21.950Z] [SUCCESS] Bot estﾃ｡ online como Doutor Lobotomia#9106!
[2025-04-17T22:29:21.950Z] [INFO] Conectado em 1 servidores
[2025-04-17T22:29:21.951Z] [INFO] Permissﾃｵes no servidor 洫Lobotomia Reversﾃｭvel:
Error details: CreateInstantInvite,Administrator,AddReactions,Stream,ViewChannel,SendMessages,SendTTSMessages,EmbedLinks,AttachFiles,ReadMessageHistory,MentionEveryone,UseExternalEmojis,Connect,Speak,UseVAD,ChangeNickname,UseApplicationCommands,RequestToSpeak,CreatePublicThreads,CreatePrivateThreads,UseExternalStickers,SendMessagesInThreads,UseEmbeddedActivities,UseSoundboard,UseExternalSounds,SendVoiceMessages,SendPolls,UseExternalApps
[2025-04-17T22:29:21.953Z] [SUCCESS] Comandos slash registrados com sucesso!
[2025-04-17T23:00:28.990Z] [INFO] Iniciando registro dos comandos slash...
[2025-04-17T23:00:29.039Z] [SUCCESS] Banco de dados inicializado com sucesso
[2025-04-17T23:00:29.039Z] [SUCCESS] Conexﾃ｣o com o banco de dados estabelecida
[2025-04-17T23:00:29.490Z] [SUCCESS] Comandos slash registrados com sucesso!
[2025-04-17T23:00:29.511Z] [SUCCESS] Bot estﾃ｡ online como Doutor Lobotomia#9106!
[2025-04-17T23:00:29.511Z] [INFO] Conectado em 1 servidores
[2025-04-17T23:00:29.512Z] [INFO] Permissﾃｵes no servidor 洫Lobotomia Reversﾃｭvel:
Error details: CreateInstantInvite,Administrator,AddReactions,Stream,ViewChannel,SendMessages,SendTTSMessages,EmbedLinks,AttachFiles,ReadMessageHistory,MentionEveryone,UseExternalEmojis,Connect,Speak,UseVAD,ChangeNickname,UseApplicationCommands,RequestToSpeak,CreatePublicThreads,CreatePrivateThreads,UseExternalStickers,SendMessagesInThreads,UseEmbeddedActivities,UseSoundboard,UseExternalSounds,SendVoiceMessages,SendPolls,UseExternalApps
[2025-04-17T23:00:37.330Z] [INFO] Comando "/refresh" executado por gaper no canal #汨ｾ笏ツmdﾂｹ
[2025-04-17T23:00:45.325Z] [INFO] Comando "/piada" executado por gaper no canal #汨ｾ笏ツmdﾂｹ
[2025-04-17T23:00:49.506Z] [INFO] Comando "/piada" executado por gaper no canal #汨ｾ笏ツmdﾂｹ
